# JRE version: Java(TM) SE Runtime Environment (8.0_72-b15) (build 1.8.0_72-b15)
# Java VM: Java HotSpot(TM) 64-Bit Server VM (25.72-b15 mixed mode linux-amd64 compressed oops)
Heap:
 PSYoungGen      total 136192K, used 14796K [0x00000000d6780000, 0x00000000e8980000, 0x0000000100000000)
  eden space 131072K, 7% used [0x00000000d6780000,0x00000000d70f4250,0x00000000de780000)
  from space 5120K, 99% used [0x00000000de780000,0x00000000dec7f128,0x00000000dec80000)
  to   space 17408K, 0% used [0x00000000e7880000,0x00000000e7880000,0x00000000e8980000)
 ParOldGen       total 86016K, used 31769K [0x0000000083600000, 0x0000000088a00000, 0x00000000d6780000)
  object space 86016K, 36% used [0x0000000083600000,0x0000000085506708,0x0000000088a00000)
 Metaspace       used 14218K, capacity 14398K, committed 14848K, reserved 1062912K
  class space    used 1359K, capacity 1444K, committed 1536K, reserved 1048576K
GC Heap History (10 events):
Event: 1,002 GC heap before
{Heap before GC invocations=1 (full 0):
 PSYoungGen      total 37888K, used 32768K [0x00000000d6780000, 0x00000000d9180000, 0x0000000100000000)
  eden space 32768K, 100% used [0x00000000d6780000,0x00000000d8780000,0x00000000d8780000)
  from space 5120K, 0% used [0x00000000d8c80000,0x00000000d8c80000,0x00000000d9180000)
  to   space 5120K, 0% used [0x00000000d8780000,0x00000000d8780000,0x00000000d8c80000)
 ParOldGen       total 86016K, used 0K [0x0000000083600000, 0x0000000088a00000, 0x00000000d6780000)
  object space 86016K, 0% used [0x0000000083600000,0x0000000083600000,0x0000000088a00000)
 Metaspace       used 14149K, capacity 14302K, committed 14592K, reserved 1062912K
  class space    used 1353K, capacity 1412K, committed 1536K, reserved 1048576K
Event: 1,016 GC heap after
Heap after GC invocations=1 (full 0):
 PSYoungGen      total 37888K, used 5112K [0x00000000d6780000, 0x00000000db180000, 0x0000000100000000)
  eden space 32768K, 0% used [0x00000000d6780000,0x00000000d6780000,0x00000000d8780000)
  from space 5120K, 99% used [0x00000000d8780000,0x00000000d8c7e230,0x00000000d8c80000)
  to   space 5120K, 0% used [0x00000000dac80000,0x00000000dac80000,0x00000000db180000)
 ParOldGen       total 86016K, used 5143K [0x0000000083600000, 0x0000000088a00000, 0x00000000d6780000)
  object space 86016K, 5% used [0x0000000083600000,0x0000000083b05d70,0x0000000088a00000)
 Metaspace       used 14149K, capacity 14302K, committed 14592K, reserved 1062912K
  class space    used 1353K, capacity 1412K, committed 1536K, reserved 1048576K
}
Event: 1,225 GC heap before
{Heap before GC invocations=2 (full 0):
 PSYoungGen      total 37888K, used 37880K [0x00000000d6780000, 0x00000000db180000, 0x0000000100000000)
  eden space 32768K, 100% used [0x00000000d6780000,0x00000000d8780000,0x00000000d8780000)
  from space 5120K, 99% used [0x00000000d8780000,0x00000000d8c7e230,0x00000000d8c80000)
  to   space 5120K, 0% used [0x00000000dac80000,0x00000000dac80000,0x00000000db180000)
 ParOldGen       total 86016K, used 5143K [0x0000000083600000, 0x0000000088a00000, 0x00000000d6780000)
  object space 86016K, 5% used [0x0000000083600000,0x0000000083b05d70,0x0000000088a00000)
 Metaspace       used 14165K, capacity 14302K, committed 14592K, reserved 1062912K
  class space    used 1354K, capacity 1412K, committed 1536K, reserved 1048576K
Event: 1,237 GC heap after
Heap after GC invocations=2 (full 0):
 PSYoungGen      total 70656K, used 5115K [0x00000000d6780000, 0x00000000db180000, 0x0000000100000000)
  eden space 65536K, 0% used [0x00000000d6780000,0x00000000d6780000,0x00000000da780000)
  from space 5120K, 99% used [0x00000000dac80000,0x00000000db17ef98,0x00000000db180000)
  to   space 5120K, 0% used [0x00000000da780000,0x00000000da780000,0x00000000dac80000)
 ParOldGen       total 86016K, used 7831K [0x0000000083600000, 0x0000000088a00000, 0x00000000d6780000)
  object space 86016K, 9% used [0x0000000083600000,0x0000000083da5d70,0x0000000088a00000)
 Metaspace       used 14165K, capacity 14302K, committed 14592K, reserved 1062912K
  class space    used 1354K, capacity 1412K, committed 1536K, reserved 1048576K
}
Event: 1,523 GC heap before
{Heap before GC invocations=3 (full 0):
 PSYoungGen      total 70656K, used 70651K [0x00000000d6780000, 0x00000000db180000, 0x0000000100000000)
  eden space 65536K, 100% used [0x00000000d6780000,0x00000000da780000,0x00000000da780000)
  from space 5120K, 99% used [0x00000000dac80000,0x00000000db17ef98,0x00000000db180000)
  to   space 5120K, 0% used [0x00000000da780000,0x00000000da780000,0x00000000dac80000)
 ParOldGen       total 86016K, used 7831K [0x0000000083600000, 0x0000000088a00000, 0x00000000d6780000)
  object space 86016K, 9% used [0x0000000083600000,0x0000000083da5d70,0x0000000088a00000)
 Metaspace       used 14168K, capacity 14302K, committed 14592K, reserved 1062912K
  class space    used 1355K, capacity 1412K, committed 1536K, reserved 1048576K
Event: 1,540 GC heap after
Heap after GC invocations=3 (full 0):
 PSYoungGen      total 70656K, used 5116K [0x00000000d6780000, 0x00000000df180000, 0x0000000100000000)
  eden space 65536K, 0% used [0x00000000d6780000,0x00000000d6780000,0x00000000da780000)
  from space 5120K, 99% used [0x00000000da780000,0x00000000dac7f128,0x00000000dac80000)
  to   space 5120K, 0% used [0x00000000dec80000,0x00000000dec80000,0x00000000df180000)
 ParOldGen       total 86016K, used 13315K [0x0000000083600000, 0x0000000088a00000, 0x00000000d6780000)
  object space 86016K, 15% used [0x0000000083600000,0x0000000084300ef8,0x0000000088a00000)
 Metaspace       used 14168K, capacity 14302K, committed 14592K, reserved 1062912K
  class space    used 1355K, capacity 1412K, committed 1536K, reserved 1048576K
}
Event: 1,828 GC heap before
{Heap before GC invocations=4 (full 0):
 PSYoungGen      total 70656K, used 70652K [0x00000000d6780000, 0x00000000df180000, 0x0000000100000000)
  eden space 65536K, 100% used [0x00000000d6780000,0x00000000da780000,0x00000000da780000)
  from space 5120K, 99% used [0x00000000da780000,0x00000000dac7f128,0x00000000dac80000)
  to   space 5120K, 0% used [0x00000000dec80000,0x00000000dec80000,0x00000000df180000)
 ParOldGen       total 86016K, used 13315K [0x0000000083600000, 0x0000000088a00000, 0x00000000d6780000)
  object space 86016K, 15% used [0x0000000083600000,0x0000000084300ef8,0x0000000088a00000)
 Metaspace       used 14174K, capacity 14366K, committed 14848K, reserved 1062912K
  class space    used 1355K, capacity 1412K, committed 1536K, reserved 1048576K
Event: 1,847 GC heap after
Heap after GC invocations=4 (full 0):
 PSYoungGen      total 136192K, used 5116K [0x00000000d6780000, 0x00000000df180000, 0x0000000100000000)
  eden space 131072K, 0% used [0x00000000d6780000,0x00000000d6780000,0x00000000de780000)
  from space 5120K, 99% used [0x00000000dec80000,0x00000000df17f128,0x00000000df180000)
  to   space 5120K, 0% used [0x00000000de780000,0x00000000de780000,0x00000000dec80000)
 ParOldGen       total 86016K, used 18769K [0x0000000083600000, 0x0000000088a00000, 0x00000000d6780000)
  object space 86016K, 21% used [0x0000000083600000,0x0000000084854708,0x0000000088a00000)
 Metaspace       used 14174K, capacity 14366K, committed 14848K, reserved 1062912K
  class space    used 1355K, capacity 1412K, committed 1536K, reserved 1048576K
}
Event: 2,459 GC heap before
{Heap before GC invocations=5 (full 0):
 PSYoungGen      total 136192K, used 136188K [0x00000000d6780000, 0x00000000df180000, 0x0000000100000000)
  eden space 131072K, 100% used [0x00000000d6780000,0x00000000de780000,0x00000000de780000)
  from space 5120K, 99% used [0x00000000dec80000,0x00000000df17f128,0x00000000df180000)
  to   space 5120K, 0% used [0x00000000de780000,0x00000000de780000,0x00000000dec80000)
 ParOldGen       total 86016K, used 18769K [0x0000000083600000, 0x0000000088a00000, 0x00000000d6780000)
  object space 86016K, 21% used [0x0000000083600000,0x0000000084854708,0x0000000088a00000)
 Metaspace       used 14174K, capacity 14366K, committed 14848K, reserved 1062912K
  class space    used 1355K, capacity 1412K, committed 1536K, reserved 1048576K
Event: 2,487 GC heap after
Heap after GC invocations=5 (full 0):
 PSYoungGen      total 136192K, used 5116K [0x00000000d6780000, 0x00000000e8980000, 0x0000000100000000)
  eden space 131072K, 0% used [0x00000000d6780000,0x00000000d6780000,0x00000000de780000)
  from space 5120K, 99% used [0x00000000de780000,0x00000000dec7f128,0x00000000dec80000)
  to   space 17408K, 0% used [0x00000000e7880000,0x00000000e7880000,0x00000000e8980000)
 ParOldGen       total 86016K, used 31769K [0x0000000083600000, 0x0000000088a00000, 0x00000000d6780000)
  object space 86016K, 36% used [0x0000000083600000,0x0000000085506708,0x0000000088a00000)
 Metaspace       used 14174K, capacity 14366K, committed 14848K, reserved 1062912K
  class space    used 1355K, capacity 1412K, committed 1536K, reserved 1048576K
}

