# JRE version: Java(TM) SE Runtime Environment (8.0_72-b15) (build 1.8.0_72-b15)
# Java VM: Java HotSpot(TM) 64-Bit Server VM (25.72-b15 mixed mode linux-amd64 compressed oops)
Heap:
 PSYoungGen      total 136192K, used 12376K [0x00000000d6780000, 0x00000000e8980000, 0x0000000100000000)
  eden space 131072K, 5% used [0x00000000d6780000,0x00000000d6e971c8,0x00000000de780000)
  from space 5120K, 99% used [0x00000000de780000,0x00000000dec7f148,0x00000000dec80000)
  to   space 17408K, 0% used [0x00000000e7880000,0x00000000e7880000,0x00000000e8980000)
 ParOldGen       total 86016K, used 32037K [0x0000000083600000, 0x0000000088a00000, 0x00000000d6780000)
  object space 86016K, 37% used [0x0000000083600000,0x0000000085549748,0x0000000088a00000)
 Metaspace       used 14213K, capacity 14398K, committed 14848K, reserved 1062912K
  class space    used 1362K, capacity 1444K, committed 1536K, reserved 1048576K
GC Heap History (10 events):
Event: 1,016 GC heap before
{Heap before GC invocations=1 (full 0):
 PSYoungGen      total 37888K, used 32768K [0x00000000d6780000, 0x00000000d9180000, 0x0000000100000000)
  eden space 32768K, 100% used [0x00000000d6780000,0x00000000d8780000,0x00000000d8780000)
  from space 5120K, 0% used [0x00000000d8c80000,0x00000000d8c80000,0x00000000d9180000)
  to   space 5120K, 0% used [0x00000000d8780000,0x00000000d8780000,0x00000000d8c80000)
 ParOldGen       total 86016K, used 0K [0x0000000083600000, 0x0000000088a00000, 0x00000000d6780000)
  object space 86016K, 0% used [0x0000000083600000,0x0000000083600000,0x0000000088a00000)
 Metaspace       used 14140K, capacity 14302K, committed 14592K, reserved 1062912K
  class space    used 1356K, capacity 1412K, committed 1536K, reserved 1048576K
Event: 1,030 GC heap after
Heap after GC invocations=1 (full 0):
 PSYoungGen      total 37888K, used 5112K [0x00000000d6780000, 0x00000000db180000, 0x0000000100000000)
  eden space 32768K, 0% used [0x00000000d6780000,0x00000000d6780000,0x00000000d8780000)
  from space 5120K, 99% used [0x00000000d8780000,0x00000000d8c7e250,0x00000000d8c80000)
  to   space 5120K, 0% used [0x00000000dac80000,0x00000000dac80000,0x00000000db180000)
 ParOldGen       total 86016K, used 5132K [0x0000000083600000, 0x0000000088a00000, 0x00000000d6780000)
  object space 86016K, 5% used [0x0000000083600000,0x0000000083b03210,0x0000000088a00000)
 Metaspace       used 14140K, capacity 14302K, committed 14592K, reserved 1062912K
  class space    used 1356K, capacity 1412K, committed 1536K, reserved 1048576K
}
Event: 1,258 GC heap before
{Heap before GC invocations=2 (full 0):
 PSYoungGen      total 37888K, used 37880K [0x00000000d6780000, 0x00000000db180000, 0x0000000100000000)
  eden space 32768K, 100% used [0x00000000d6780000,0x00000000d8780000,0x00000000d8780000)
  from space 5120K, 99% used [0x00000000d8780000,0x00000000d8c7e250,0x00000000d8c80000)
  to   space 5120K, 0% used [0x00000000dac80000,0x00000000dac80000,0x00000000db180000)
 ParOldGen       total 86016K, used 5132K [0x0000000083600000, 0x0000000088a00000, 0x00000000d6780000)
  object space 86016K, 5% used [0x0000000083600000,0x0000000083b03210,0x0000000088a00000)
 Metaspace       used 14158K, capacity 14302K, committed 14592K, reserved 1062912K
  class space    used 1356K, capacity 1412K, committed 1536K, reserved 1048576K
Event: 1,275 GC heap after
Heap after GC invocations=2 (full 0):
 PSYoungGen      total 70656K, used 5099K [0x00000000d6780000, 0x00000000db180000, 0x0000000100000000)
  eden space 65536K, 0% used [0x00000000d6780000,0x00000000d6780000,0x00000000da780000)
  from space 5120K, 99% used [0x00000000dac80000,0x00000000db17af88,0x00000000db180000)
  to   space 5120K, 0% used [0x00000000da780000,0x00000000da780000,0x00000000dac80000)
 ParOldGen       total 86016K, used 7852K [0x0000000083600000, 0x0000000088a00000, 0x00000000d6780000)
  object space 86016K, 9% used [0x0000000083600000,0x0000000083dab210,0x0000000088a00000)
 Metaspace       used 14158K, capacity 14302K, committed 14592K, reserved 1062912K
  class space    used 1356K, capacity 1412K, committed 1536K, reserved 1048576K
}
Event: 1,593 GC heap before
{Heap before GC invocations=3 (full 0):
 PSYoungGen      total 70656K, used 70635K [0x00000000d6780000, 0x00000000db180000, 0x0000000100000000)
  eden space 65536K, 100% used [0x00000000d6780000,0x00000000da780000,0x00000000da780000)
  from space 5120K, 99% used [0x00000000dac80000,0x00000000db17af88,0x00000000db180000)
  to   space 5120K, 0% used [0x00000000da780000,0x00000000da780000,0x00000000dac80000)
 ParOldGen       total 86016K, used 7852K [0x0000000083600000, 0x0000000088a00000, 0x00000000d6780000)
  object space 86016K, 9% used [0x0000000083600000,0x0000000083dab210,0x0000000088a00000)
 Metaspace       used 14161K, capacity 14302K, committed 14592K, reserved 1062912K
  class space    used 1357K, capacity 1412K, committed 1536K, reserved 1048576K
Event: 1,612 GC heap after
Heap after GC invocations=3 (full 0):
 PSYoungGen      total 70656K, used 5116K [0x00000000d6780000, 0x00000000df180000, 0x0000000100000000)
  eden space 65536K, 0% used [0x00000000d6780000,0x00000000d6780000,0x00000000da780000)
  from space 5120K, 99% used [0x00000000da780000,0x00000000dac7f148,0x00000000dac80000)
  to   space 5120K, 0% used [0x00000000dec80000,0x00000000dec80000,0x00000000df180000)
 ParOldGen       total 86016K, used 13848K [0x0000000083600000, 0x0000000088a00000, 0x00000000d6780000)
  object space 86016K, 16% used [0x0000000083600000,0x0000000084386328,0x0000000088a00000)
 Metaspace       used 14161K, capacity 14302K, committed 14592K, reserved 1062912K
  class space    used 1357K, capacity 1412K, committed 1536K, reserved 1048576K
}
Event: 1,926 GC heap before
{Heap before GC invocations=4 (full 0):
 PSYoungGen      total 70656K, used 70652K [0x00000000d6780000, 0x00000000df180000, 0x0000000100000000)
  eden space 65536K, 100% used [0x00000000d6780000,0x00000000da780000,0x00000000da780000)
  from space 5120K, 99% used [0x00000000da780000,0x00000000dac7f148,0x00000000dac80000)
  to   space 5120K, 0% used [0x00000000dec80000,0x00000000dec80000,0x00000000df180000)
 ParOldGen       total 86016K, used 13848K [0x0000000083600000, 0x0000000088a00000, 0x00000000d6780000)
  object space 86016K, 16% used [0x0000000083600000,0x0000000084386328,0x0000000088a00000)
 Metaspace       used 14169K, capacity 14366K, committed 14848K, reserved 1062912K
  class space    used 1357K, capacity 1412K, committed 1536K, reserved 1048576K
Event: 1,946 GC heap after
Heap after GC invocations=4 (full 0):
 PSYoungGen      total 136192K, used 5116K [0x00000000d6780000, 0x00000000df180000, 0x0000000100000000)
  eden space 131072K, 0% used [0x00000000d6780000,0x00000000d6780000,0x00000000de780000)
  from space 5120K, 99% used [0x00000000dec80000,0x00000000df17f148,0x00000000df180000)
  to   space 5120K, 0% used [0x00000000de780000,0x00000000de780000,0x00000000dec80000)
 ParOldGen       total 86016K, used 19221K [0x0000000083600000, 0x0000000088a00000, 0x00000000d6780000)
  object space 86016K, 22% used [0x0000000083600000,0x00000000848c5748,0x0000000088a00000)
 Metaspace       used 14169K, capacity 14366K, committed 14848K, reserved 1062912K
  class space    used 1357K, capacity 1412K, committed 1536K, reserved 1048576K
}
Event: 2,573 GC heap before
{Heap before GC invocations=5 (full 0):
 PSYoungGen      total 136192K, used 136188K [0x00000000d6780000, 0x00000000df180000, 0x0000000100000000)
  eden space 131072K, 100% used [0x00000000d6780000,0x00000000de780000,0x00000000de780000)
  from space 5120K, 99% used [0x00000000dec80000,0x00000000df17f148,0x00000000df180000)
  to   space 5120K, 0% used [0x00000000de780000,0x00000000de780000,0x00000000dec80000)
 ParOldGen       total 86016K, used 19221K [0x0000000083600000, 0x0000000088a00000, 0x00000000d6780000)
  object space 86016K, 22% used [0x0000000083600000,0x00000000848c5748,0x0000000088a00000)
 Metaspace       used 14169K, capacity 14366K, committed 14848K, reserved 1062912K
  class space    used 1357K, capacity 1412K, committed 1536K, reserved 1048576K
Event: 2,604 GC heap after
Heap after GC invocations=5 (full 0):
 PSYoungGen      total 136192K, used 5116K [0x00000000d6780000, 0x00000000e8980000, 0x0000000100000000)
  eden space 131072K, 0% used [0x00000000d6780000,0x00000000d6780000,0x00000000de780000)
  from space 5120K, 99% used [0x00000000de780000,0x00000000dec7f148,0x00000000dec80000)
  to   space 17408K, 0% used [0x00000000e7880000,0x00000000e7880000,0x00000000e8980000)
 ParOldGen       total 86016K, used 32037K [0x0000000083600000, 0x0000000088a00000, 0x00000000d6780000)
  object space 86016K, 37% used [0x0000000083600000,0x0000000085549748,0x0000000088a00000)
 Metaspace       used 14169K, capacity 14366K, committed 14848K, reserved 1062912K
  class space    used 1357K, capacity 1412K, committed 1536K, reserved 1048576K
}

