# JRE version: Java(TM) SE Runtime Environment (8.0_45-b14) (build 1.8.0_45-b14)
# Java VM: Java HotSpot(TM) 64-Bit Server VM (25.45-b02 mixed mode linux-amd64 compressed oops)
Heap:
 PSYoungGen      total 69632K, used 21928K [0x00000000eb780000, 0x00000000f3e80000, 0x0000000100000000)
  eden space 63488K, 28% used [0x00000000eb780000,0x00000000ec96a200,0x00000000ef580000)
  from space 6144K, 58% used [0x00000000ef580000,0x00000000ef900010,0x00000000efb80000)
  to   space 5632K, 0% used [0x00000000f3900000,0x00000000f3900000,0x00000000f3e80000)
 ParOldGen       total 42496K, used 6943K [0x00000000c2600000, 0x00000000c4f80000, 0x00000000eb780000)
  object space 42496K, 16% used [0x00000000c2600000,0x00000000c2cc7c48,0x00000000c4f80000)
 Metaspace       used 16051K, capacity 16266K, committed 16512K, reserved 1064960K
  class space    used 1575K, capacity 1662K, committed 1664K, reserved 1048576K
GC Heap History (10 events):
Event: 1,209 GC heap before
{Heap before GC invocations=3 (full 0):
 PSYoungGen      total 18432K, used 18400K [0x00000000eb780000, 0x00000000edb80000, 0x0000000100000000)
  eden space 15872K, 100% used [0x00000000eb780000,0x00000000ec700000,0x00000000ec700000)
  from space 2560K, 98% used [0x00000000ec980000,0x00000000ecbf80f0,0x00000000ecc00000)
  to   space 2560K, 0% used [0x00000000ec700000,0x00000000ec700000,0x00000000ec980000)
 ParOldGen       total 42496K, used 4339K [0x00000000c2600000, 0x00000000c4f80000, 0x00000000eb780000)
  object space 42496K, 10% used [0x00000000c2600000,0x00000000c2a3cc18,0x00000000c4f80000)
 Metaspace       used 15691K, capacity 15876K, committed 16000K, reserved 1062912K
  class space    used 1540K, capacity 1597K, committed 1664K, reserved 1048576K
Event: 1,214 GC heap after
Heap after GC invocations=3 (full 0):
 PSYoungGen      total 18432K, used 2558K [0x00000000eb780000, 0x00000000edb80000, 0x0000000100000000)
  eden space 15872K, 0% used [0x00000000eb780000,0x00000000eb780000,0x00000000ec700000)
  from space 2560K, 99% used [0x00000000ec700000,0x00000000ec97f8c0,0x00000000ec980000)
  to   space 2560K, 0% used [0x00000000ed900000,0x00000000ed900000,0x00000000edb80000)
 ParOldGen       total 42496K, used 4659K [0x00000000c2600000, 0x00000000c4f80000, 0x00000000eb780000)
  object space 42496K, 10% used [0x00000000c2600000,0x00000000c2a8cc18,0x00000000c4f80000)
 Metaspace       used 15691K, capacity 15876K, committed 16000K, reserved 1062912K
  class space    used 1540K, capacity 1597K, committed 1664K, reserved 1048576K
}
Event: 1,259 GC heap before
{Heap before GC invocations=4 (full 0):
 PSYoungGen      total 18432K, used 18430K [0x00000000eb780000, 0x00000000edb80000, 0x0000000100000000)
  eden space 15872K, 100% used [0x00000000eb780000,0x00000000ec700000,0x00000000ec700000)
  from space 2560K, 99% used [0x00000000ec700000,0x00000000ec97f8c0,0x00000000ec980000)
  to   space 2560K, 0% used [0x00000000ed900000,0x00000000ed900000,0x00000000edb80000)
 ParOldGen       total 42496K, used 4659K [0x00000000c2600000, 0x00000000c4f80000, 0x00000000eb780000)
  object space 42496K, 10% used [0x00000000c2600000,0x00000000c2a8cc18,0x00000000c4f80000)
 Metaspace       used 15691K, capacity 15876K, committed 16000K, reserved 1062912K
  class space    used 1540K, capacity 1597K, committed 1664K, reserved 1048576K
Event: 1,267 GC heap after
Heap after GC invocations=4 (full 0):
 PSYoungGen      total 34304K, used 2544K [0x00000000eb780000, 0x00000000edb80000, 0x0000000100000000)
  eden space 31744K, 0% used [0x00000000eb780000,0x00000000eb780000,0x00000000ed680000)
  from space 2560K, 99% used [0x00000000ed900000,0x00000000edb7c0f0,0x00000000edb80000)
  to   space 2560K, 0% used [0x00000000ed680000,0x00000000ed680000,0x00000000ed900000)
 ParOldGen       total 42496K, used 5031K [0x00000000c2600000, 0x00000000c4f80000, 0x00000000eb780000)
  object space 42496K, 11% used [0x00000000c2600000,0x00000000c2ae9c28,0x00000000c4f80000)
 Metaspace       used 15691K, capacity 15876K, committed 16000K, reserved 1062912K
  class space    used 1540K, capacity 1597K, committed 1664K, reserved 1048576K
}
Event: 1,350 GC heap before
{Heap before GC invocations=5 (full 0):
 PSYoungGen      total 34304K, used 34288K [0x00000000eb780000, 0x00000000edb80000, 0x0000000100000000)
  eden space 31744K, 100% used [0x00000000eb780000,0x00000000ed680000,0x00000000ed680000)
  from space 2560K, 99% used [0x00000000ed900000,0x00000000edb7c0f0,0x00000000edb80000)
  to   space 2560K, 0% used [0x00000000ed680000,0x00000000ed680000,0x00000000ed900000)
 ParOldGen       total 42496K, used 5031K [0x00000000c2600000, 0x00000000c4f80000, 0x00000000eb780000)
  object space 42496K, 11% used [0x00000000c2600000,0x00000000c2ae9c28,0x00000000c4f80000)
 Metaspace       used 15691K, capacity 15876K, committed 16000K, reserved 1062912K
  class space    used 1541K, capacity 1597K, committed 1664K, reserved 1048576K
Event: 1,355 GC heap after
Heap after GC invocations=5 (full 0):
 PSYoungGen      total 34304K, used 2537K [0x00000000eb780000, 0x00000000f0180000, 0x0000000100000000)
  eden space 31744K, 0% used [0x00000000eb780000,0x00000000eb780000,0x00000000ed680000)
  from space 2560K, 99% used [0x00000000ed680000,0x00000000ed8fa498,0x00000000ed900000)
  to   space 6144K, 0% used [0x00000000efb80000,0x00000000efb80000,0x00000000f0180000)
 ParOldGen       total 42496K, used 5830K [0x00000000c2600000, 0x00000000c4f80000, 0x00000000eb780000)
  object space 42496K, 13% used [0x00000000c2600000,0x00000000c2bb1880,0x00000000c4f80000)
 Metaspace       used 15691K, capacity 15876K, committed 16000K, reserved 1062912K
  class space    used 1541K, capacity 1597K, committed 1664K, reserved 1048576K
}
Event: 1,423 GC heap before
{Heap before GC invocations=6 (full 0):
 PSYoungGen      total 34304K, used 34281K [0x00000000eb780000, 0x00000000f0180000, 0x0000000100000000)
  eden space 31744K, 100% used [0x00000000eb780000,0x00000000ed680000,0x00000000ed680000)
  from space 2560K, 99% used [0x00000000ed680000,0x00000000ed8fa498,0x00000000ed900000)
  to   space 6144K, 0% used [0x00000000efb80000,0x00000000efb80000,0x00000000f0180000)
 ParOldGen       total 42496K, used 5830K [0x00000000c2600000, 0x00000000c4f80000, 0x00000000eb780000)
  object space 42496K, 13% used [0x00000000c2600000,0x00000000c2bb1880,0x00000000c4f80000)
 Metaspace       used 15691K, capacity 15876K, committed 16000K, reserved 1062912K
  class space    used 1541K, capacity 1597K, committed 1664K, reserved 1048576K
Event: 1,431 GC heap after
Heap after GC invocations=6 (full 0):
 PSYoungGen      total 69632K, used 3129K [0x00000000eb780000, 0x00000000f0180000, 0x0000000100000000)
  eden space 63488K, 0% used [0x00000000eb780000,0x00000000eb780000,0x00000000ef580000)
  from space 6144K, 50% used [0x00000000efb80000,0x00000000efe8e488,0x00000000f0180000)
  to   space 6144K, 0% used [0x00000000ef580000,0x00000000ef580000,0x00000000efb80000)
 ParOldGen       total 42496K, used 5830K [0x00000000c2600000, 0x00000000c4f80000, 0x00000000eb780000)
  object space 42496K, 13% used [0x00000000c2600000,0x00000000c2bb1880,0x00000000c4f80000)
 Metaspace       used 15691K, capacity 15876K, committed 16000K, reserved 1062912K
  class space    used 1541K, capacity 1597K, committed 1664K, reserved 1048576K
}
Event: 1,556 GC heap before
{Heap before GC invocations=7 (full 0):
 PSYoungGen      total 69632K, used 66617K [0x00000000eb780000, 0x00000000f0180000, 0x0000000100000000)
  eden space 63488K, 100% used [0x00000000eb780000,0x00000000ef580000,0x00000000ef580000)
  from space 6144K, 50% used [0x00000000efb80000,0x00000000efe8e488,0x00000000f0180000)
  to   space 6144K, 0% used [0x00000000ef580000,0x00000000ef580000,0x00000000efb80000)
 ParOldGen       total 42496K, used 5830K [0x00000000c2600000, 0x00000000c4f80000, 0x00000000eb780000)
  object space 42496K, 13% used [0x00000000c2600000,0x00000000c2bb1880,0x00000000c4f80000)
 Metaspace       used 15691K, capacity 15876K, committed 16000K, reserved 1062912K
  class space    used 1541K, capacity 1597K, committed 1664K, reserved 1048576K
Event: 1,566 GC heap after
Heap after GC invocations=7 (full 0):
 PSYoungGen      total 69632K, used 3584K [0x00000000eb780000, 0x00000000f3e80000, 0x0000000100000000)
  eden space 63488K, 0% used [0x00000000eb780000,0x00000000eb780000,0x00000000ef580000)
  from space 6144K, 58% used [0x00000000ef580000,0x00000000ef900010,0x00000000efb80000)
  to   space 5632K, 0% used [0x00000000f3900000,0x00000000f3900000,0x00000000f3e80000)
 ParOldGen       total 42496K, used 6943K [0x00000000c2600000, 0x00000000c4f80000, 0x00000000eb780000)
  object space 42496K, 16% used [0x00000000c2600000,0x00000000c2cc7c48,0x00000000c4f80000)
 Metaspace       used 15691K, capacity 15876K, committed 16000K, reserved 1062912K
  class space    used 1541K, capacity 1597K, committed 1664K, reserved 1048576K
}

