# JRE version: Java(TM) SE Runtime Environment (8.0_45-b14) (build 1.8.0_45-b14)
# Java VM: Java HotSpot(TM) 64-Bit Server VM (25.45-b02 mixed mode linux-amd64 compressed oops)
Heap:
 PSYoungGen      total 202240K, used 83879K [0x00000000eb780000, 0x00000000fe480000, 0x0000000100000000)
  eden space 201728K, 41% used [0x00000000eb780000,0x00000000f0911c10,0x00000000f7c80000)
  from space 512K, 68% used [0x00000000fe400000,0x00000000fe458000,0x00000000fe480000)
  to   space 4096K, 0% used [0x00000000fdc80000,0x00000000fdc80000,0x00000000fe080000)
 ParOldGen       total 42496K, used 10382K [0x00000000c2600000, 0x00000000c4f80000, 0x00000000eb780000)
  object space 42496K, 24% used [0x00000000c2600000,0x00000000c3023970,0x00000000c4f80000)
 Metaspace       used 16304K, capacity 16516K, committed 16768K, reserved 1064960K
  class space    used 1585K, capacity 1661K, committed 1664K, reserved 1048576K
GC Heap History (10 events):
Event: 20,532 GC heap before
{Heap before GC invocations=22 (full 0):
 PSYoungGen      total 260608K, used 255872K [0x00000000eb780000, 0x00000000ff080000, 0x0000000100000000)
  eden space 255488K, 100% used [0x00000000eb780000,0x00000000fb100000,0x00000000fb100000)
  from space 5120K, 7% used [0x00000000fe680000,0x00000000fe6e0000,0x00000000feb80000)
  to   space 5120K, 0% used [0x00000000feb80000,0x00000000feb80000,0x00000000ff080000)
 ParOldGen       total 42496K, used 10350K [0x00000000c2600000, 0x00000000c4f80000, 0x00000000eb780000)
  object space 42496K, 24% used [0x00000000c2600000,0x00000000c301b970,0x00000000c4f80000)
 Metaspace       used 16299K, capacity 16516K, committed 16768K, reserved 1064960K
  class space    used 1585K, capacity 1661K, committed 1664K, reserved 1048576K
Event: 20,534 GC heap after
Heap after GC invocations=22 (full 0):
 PSYoungGen      total 244224K, used 416K [0x00000000eb780000, 0x00000000fec00000, 0x0000000100000000)
  eden space 243712K, 0% used [0x00000000eb780000,0x00000000eb780000,0x00000000fa580000)
  from space 512K, 81% used [0x00000000feb80000,0x00000000febe8000,0x00000000fec00000)
  to   space 4608K, 0% used [0x00000000fe300000,0x00000000fe300000,0x00000000fe780000)
 ParOldGen       total 42496K, used 10374K [0x00000000c2600000, 0x00000000c4f80000, 0x00000000eb780000)
  object space 42496K, 24% used [0x00000000c2600000,0x00000000c3021970,0x00000000c4f80000)
 Metaspace       used 16299K, capacity 16516K, committed 16768K, reserved 1064960K
  class space    used 1585K, capacity 1661K, committed 1664K, reserved 1048576K
}
Event: 21,705 GC heap before
{Heap before GC invocations=23 (full 0):
 PSYoungGen      total 244224K, used 244128K [0x00000000eb780000, 0x00000000fec00000, 0x0000000100000000)
  eden space 243712K, 100% used [0x00000000eb780000,0x00000000fa580000,0x00000000fa580000)
  from space 512K, 81% used [0x00000000feb80000,0x00000000febe8000,0x00000000fec00000)
  to   space 4608K, 0% used [0x00000000fe300000,0x00000000fe300000,0x00000000fe780000)
 ParOldGen       total 42496K, used 10374K [0x00000000c2600000, 0x00000000c4f80000, 0x00000000eb780000)
  object space 42496K, 24% used [0x00000000c2600000,0x00000000c3021970,0x00000000c4f80000)
 Metaspace       used 16299K, capacity 16516K, committed 16768K, reserved 1064960K
  class space    used 1585K, capacity 1661K, committed 1664K, reserved 1048576K
Event: 21,707 GC heap after
Heap after GC invocations=23 (full 0):
 PSYoungGen      total 237056K, used 384K [0x00000000eb780000, 0x00000000fec00000, 0x0000000100000000)
  eden space 232448K, 0% used [0x00000000eb780000,0x00000000eb780000,0x00000000f9a80000)
  from space 4608K, 8% used [0x00000000fe300000,0x00000000fe360000,0x00000000fe780000)
  to   space 4608K, 0% used [0x00000000fe780000,0x00000000fe780000,0x00000000fec00000)
 ParOldGen       total 42496K, used 10374K [0x00000000c2600000, 0x00000000c4f80000, 0x00000000eb780000)
  object space 42496K, 24% used [0x00000000c2600000,0x00000000c3021970,0x00000000c4f80000)
 Metaspace       used 16299K, capacity 16516K, committed 16768K, reserved 1064960K
  class space    used 1585K, capacity 1661K, committed 1664K, reserved 1048576K
}
Event: 22,779 GC heap before
{Heap before GC invocations=24 (full 0):
 PSYoungGen      total 237056K, used 232832K [0x00000000eb780000, 0x00000000fec00000, 0x0000000100000000)
  eden space 232448K, 100% used [0x00000000eb780000,0x00000000f9a80000,0x00000000f9a80000)
  from space 4608K, 8% used [0x00000000fe300000,0x00000000fe360000,0x00000000fe780000)
  to   space 4608K, 0% used [0x00000000fe780000,0x00000000fe780000,0x00000000fec00000)
 ParOldGen       total 42496K, used 10374K [0x00000000c2600000, 0x00000000c4f80000, 0x00000000eb780000)
  object space 42496K, 24% used [0x00000000c2600000,0x00000000c3021970,0x00000000c4f80000)
 Metaspace       used 16299K, capacity 16516K, committed 16768K, reserved 1064960K
  class space    used 1585K, capacity 1661K, committed 1664K, reserved 1048576K
Event: 22,781 GC heap after
Heap after GC invocations=24 (full 0):
 PSYoungGen      total 222208K, used 352K [0x00000000eb780000, 0x00000000fe800000, 0x0000000100000000)
  eden space 221696K, 0% used [0x00000000eb780000,0x00000000eb780000,0x00000000f9000000)
  from space 512K, 68% used [0x00000000fe780000,0x00000000fe7d8000,0x00000000fe800000)
  to   space 4608K, 0% used [0x00000000fdf00000,0x00000000fdf00000,0x00000000fe380000)
 ParOldGen       total 42496K, used 10374K [0x00000000c2600000, 0x00000000c4f80000, 0x00000000eb780000)
  object space 42496K, 24% used [0x00000000c2600000,0x00000000c3021970,0x00000000c4f80000)
 Metaspace       used 16299K, capacity 16516K, committed 16768K, reserved 1064960K
  class space    used 1585K, capacity 1661K, committed 1664K, reserved 1048576K
}
Event: 23,813 GC heap before
{Heap before GC invocations=25 (full 0):
 PSYoungGen      total 222208K, used 222048K [0x00000000eb780000, 0x00000000fe800000, 0x0000000100000000)
  eden space 221696K, 100% used [0x00000000eb780000,0x00000000f9000000,0x00000000f9000000)
  from space 512K, 68% used [0x00000000fe780000,0x00000000fe7d8000,0x00000000fe800000)
  to   space 4608K, 0% used [0x00000000fdf00000,0x00000000fdf00000,0x00000000fe380000)
 ParOldGen       total 42496K, used 10374K [0x00000000c2600000, 0x00000000c4f80000, 0x00000000eb780000)
  object space 42496K, 24% used [0x00000000c2600000,0x00000000c3021970,0x00000000c4f80000)
 Metaspace       used 16299K, capacity 16516K, committed 16768K, reserved 1064960K
  class space    used 1585K, capacity 1661K, committed 1664K, reserved 1048576K
Event: 23,814 GC heap after
Heap after GC invocations=25 (full 0):
 PSYoungGen      total 216064K, used 352K [0x00000000eb780000, 0x00000000fe800000, 0x0000000100000000)
  eden space 211456K, 0% used [0x00000000eb780000,0x00000000eb780000,0x00000000f8600000)
  from space 4608K, 7% used [0x00000000fdf00000,0x00000000fdf58000,0x00000000fe380000)
  to   space 4096K, 0% used [0x00000000fe400000,0x00000000fe400000,0x00000000fe800000)
 ParOldGen       total 42496K, used 10382K [0x00000000c2600000, 0x00000000c4f80000, 0x00000000eb780000)
  object space 42496K, 24% used [0x00000000c2600000,0x00000000c3023970,0x00000000c4f80000)
 Metaspace       used 16299K, capacity 16516K, committed 16768K, reserved 1064960K
  class space    used 1585K, capacity 1661K, committed 1664K, reserved 1048576K
}
Event: 24,812 GC heap before
{Heap before GC invocations=26 (full 0):
 PSYoungGen      total 216064K, used 211808K [0x00000000eb780000, 0x00000000fe800000, 0x0000000100000000)
  eden space 211456K, 100% used [0x00000000eb780000,0x00000000f8600000,0x00000000f8600000)
  from space 4608K, 7% used [0x00000000fdf00000,0x00000000fdf58000,0x00000000fe380000)
  to   space 4096K, 0% used [0x00000000fe400000,0x00000000fe400000,0x00000000fe800000)
 ParOldGen       total 42496K, used 10382K [0x00000000c2600000, 0x00000000c4f80000, 0x00000000eb780000)
  object space 42496K, 24% used [0x00000000c2600000,0x00000000c3023970,0x00000000c4f80000)
 Metaspace       used 16299K, capacity 16516K, committed 16768K, reserved 1064960K
  class space    used 1585K, capacity 1661K, committed 1664K, reserved 1048576K
Event: 24,814 GC heap after
Heap after GC invocations=26 (full 0):
 PSYoungGen      total 202240K, used 352K [0x00000000eb780000, 0x00000000fe480000, 0x0000000100000000)
  eden space 201728K, 0% used [0x00000000eb780000,0x00000000eb780000,0x00000000f7c80000)
  from space 512K, 68% used [0x00000000fe400000,0x00000000fe458000,0x00000000fe480000)
  to   space 4096K, 0% used [0x00000000fdc80000,0x00000000fdc80000,0x00000000fe080000)
 ParOldGen       total 42496K, used 10382K [0x00000000c2600000, 0x00000000c4f80000, 0x00000000eb780000)
  object space 42496K, 24% used [0x00000000c2600000,0x00000000c3023970,0x00000000c4f80000)
 Metaspace       used 16299K, capacity 16516K, committed 16768K, reserved 1064960K
  class space    used 1585K, capacity 1661K, committed 1664K, reserved 1048576K
}

