# JRE version: Java(TM) SE Runtime Environment (8.0_45-b14) (build 1.8.0_45-b14)
# Java VM: Java HotSpot(TM) 64-Bit Server VM (25.45-b02 mixed mode linux-amd64 compressed oops)
Heap:
 PSYoungGen      total 132608K, used 43024K [0x00000000eb780000, 0x00000000f3e80000, 0x0000000100000000)
  eden space 126976K, 31% used [0x00000000eb780000,0x00000000edea40c8,0x00000000f3380000)
  from space 5632K, 52% used [0x00000000f3900000,0x00000000f3be0010,0x00000000f3e80000)
  to   space 5632K, 0% used [0x00000000f3380000,0x00000000f3380000,0x00000000f3900000)
 ParOldGen       total 42496K, used 7590K [0x00000000c2600000, 0x00000000c4f80000, 0x00000000eb780000)
  object space 42496K, 17% used [0x00000000c2600000,0x00000000c2d69b08,0x00000000c4f80000)
 Metaspace       used 16280K, capacity 16452K, committed 16512K, reserved 1064960K
  class space    used 1582K, capacity 1661K, committed 1664K, reserved 1048576K
GC Heap History (10 events):
Event: 1,518 GC heap before
{Heap before GC invocations=4 (full 0):
 PSYoungGen      total 18432K, used 18416K [0x00000000eb780000, 0x00000000edb80000, 0x0000000100000000)
  eden space 15872K, 100% used [0x00000000eb780000,0x00000000ec700000,0x00000000ec700000)
  from space 2560K, 99% used [0x00000000ec700000,0x00000000ec97c100,0x00000000ec980000)
  to   space 2560K, 0% used [0x00000000ed900000,0x00000000ed900000,0x00000000edb80000)
 ParOldGen       total 42496K, used 4778K [0x00000000c2600000, 0x00000000c4f80000, 0x00000000eb780000)
  object space 42496K, 11% used [0x00000000c2600000,0x00000000c2aaa900,0x00000000c4f80000)
 Metaspace       used 15694K, capacity 15876K, committed 16000K, reserved 1062912K
  class space    used 1535K, capacity 1597K, committed 1664K, reserved 1048576K
Event: 1,522 GC heap after
Heap after GC invocations=4 (full 0):
 PSYoungGen      total 34304K, used 2528K [0x00000000eb780000, 0x00000000edb80000, 0x0000000100000000)
  eden space 31744K, 0% used [0x00000000eb780000,0x00000000eb780000,0x00000000ed680000)
  from space 2560K, 98% used [0x00000000ed900000,0x00000000edb78100,0x00000000edb80000)
  to   space 2560K, 0% used [0x00000000ed680000,0x00000000ed680000,0x00000000ed900000)
 ParOldGen       total 42496K, used 5138K [0x00000000c2600000, 0x00000000c4f80000, 0x00000000eb780000)
  object space 42496K, 12% used [0x00000000c2600000,0x00000000c2b04900,0x00000000c4f80000)
 Metaspace       used 15694K, capacity 15876K, committed 16000K, reserved 1062912K
  class space    used 1535K, capacity 1597K, committed 1664K, reserved 1048576K
}
Event: 1,617 GC heap before
{Heap before GC invocations=5 (full 0):
 PSYoungGen      total 34304K, used 34272K [0x00000000eb780000, 0x00000000edb80000, 0x0000000100000000)
  eden space 31744K, 100% used [0x00000000eb780000,0x00000000ed680000,0x00000000ed680000)
  from space 2560K, 98% used [0x00000000ed900000,0x00000000edb78100,0x00000000edb80000)
  to   space 2560K, 0% used [0x00000000ed680000,0x00000000ed680000,0x00000000ed900000)
 ParOldGen       total 42496K, used 5138K [0x00000000c2600000, 0x00000000c4f80000, 0x00000000eb780000)
  object space 42496K, 12% used [0x00000000c2600000,0x00000000c2b04900,0x00000000c4f80000)
 Metaspace       used 15694K, capacity 15876K, committed 16000K, reserved 1062912K
  class space    used 1535K, capacity 1597K, committed 1664K, reserved 1048576K
Event: 1,623 GC heap after
Heap after GC invocations=5 (full 0):
 PSYoungGen      total 34304K, used 2553K [0x00000000eb780000, 0x00000000f0180000, 0x0000000100000000)
  eden space 31744K, 0% used [0x00000000eb780000,0x00000000eb780000,0x00000000ed680000)
  from space 2560K, 99% used [0x00000000ed680000,0x00000000ed8fe4a8,0x00000000ed900000)
  to   space 6144K, 0% used [0x00000000efb80000,0x00000000efb80000,0x00000000f0180000)
 ParOldGen       total 42496K, used 5913K [0x00000000c2600000, 0x00000000c4f80000, 0x00000000eb780000)
  object space 42496K, 13% used [0x00000000c2600000,0x00000000c2bc64c0,0x00000000c4f80000)
 Metaspace       used 15694K, capacity 15876K, committed 16000K, reserved 1062912K
  class space    used 1535K, capacity 1597K, committed 1664K, reserved 1048576K
}
Event: 1,679 GC heap before
{Heap before GC invocations=6 (full 0):
 PSYoungGen      total 34304K, used 34297K [0x00000000eb780000, 0x00000000f0180000, 0x0000000100000000)
  eden space 31744K, 100% used [0x00000000eb780000,0x00000000ed680000,0x00000000ed680000)
  from space 2560K, 99% used [0x00000000ed680000,0x00000000ed8fe4a8,0x00000000ed900000)
  to   space 6144K, 0% used [0x00000000efb80000,0x00000000efb80000,0x00000000f0180000)
 ParOldGen       total 42496K, used 5913K [0x00000000c2600000, 0x00000000c4f80000, 0x00000000eb780000)
  object space 42496K, 13% used [0x00000000c2600000,0x00000000c2bc64c0,0x00000000c4f80000)
 Metaspace       used 15694K, capacity 15876K, committed 16000K, reserved 1062912K
  class space    used 1535K, capacity 1597K, committed 1664K, reserved 1048576K
Event: 1,687 GC heap after
Heap after GC invocations=6 (full 0):
 PSYoungGen      total 69632K, used 3225K [0x00000000eb780000, 0x00000000f0180000, 0x0000000100000000)
  eden space 63488K, 0% used [0x00000000eb780000,0x00000000eb780000,0x00000000ef580000)
  from space 6144K, 52% used [0x00000000efb80000,0x00000000efea64a8,0x00000000f0180000)
  to   space 6144K, 0% used [0x00000000ef580000,0x00000000ef580000,0x00000000efb80000)
 ParOldGen       total 42496K, used 5921K [0x00000000c2600000, 0x00000000c4f80000, 0x00000000eb780000)
  object space 42496K, 13% used [0x00000000c2600000,0x00000000c2bc84c0,0x00000000c4f80000)
 Metaspace       used 15694K, capacity 15876K, committed 16000K, reserved 1062912K
  class space    used 1535K, capacity 1597K, committed 1664K, reserved 1048576K
}
Event: 1,800 GC heap before
{Heap before GC invocations=7 (full 0):
 PSYoungGen      total 69632K, used 66713K [0x00000000eb780000, 0x00000000f0180000, 0x0000000100000000)
  eden space 63488K, 100% used [0x00000000eb780000,0x00000000ef580000,0x00000000ef580000)
  from space 6144K, 52% used [0x00000000efb80000,0x00000000efea64a8,0x00000000f0180000)
  to   space 6144K, 0% used [0x00000000ef580000,0x00000000ef580000,0x00000000efb80000)
 ParOldGen       total 42496K, used 5921K [0x00000000c2600000, 0x00000000c4f80000, 0x00000000eb780000)
  object space 42496K, 13% used [0x00000000c2600000,0x00000000c2bc84c0,0x00000000c4f80000)
 Metaspace       used 15694K, capacity 15876K, committed 16000K, reserved 1062912K
  class space    used 1535K, capacity 1597K, committed 1664K, reserved 1048576K
Event: 1,809 GC heap after
Heap after GC invocations=7 (full 0):
 PSYoungGen      total 69632K, used 3328K [0x00000000eb780000, 0x00000000f3e80000, 0x0000000100000000)
  eden space 63488K, 0% used [0x00000000eb780000,0x00000000eb780000,0x00000000ef580000)
  from space 6144K, 54% used [0x00000000ef580000,0x00000000ef8c0010,0x00000000efb80000)
  to   space 5632K, 0% used [0x00000000f3900000,0x00000000f3900000,0x00000000f3e80000)
 ParOldGen       total 42496K, used 7342K [0x00000000c2600000, 0x00000000c4f80000, 0x00000000eb780000)
  object space 42496K, 17% used [0x00000000c2600000,0x00000000c2d2bb08,0x00000000c4f80000)
 Metaspace       used 15694K, capacity 15876K, committed 16000K, reserved 1062912K
  class space    used 1535K, capacity 1597K, committed 1664K, reserved 1048576K
}
Event: 13,994 GC heap before
{Heap before GC invocations=8 (full 0):
 PSYoungGen      total 69632K, used 66816K [0x00000000eb780000, 0x00000000f3e80000, 0x0000000100000000)
  eden space 63488K, 100% used [0x00000000eb780000,0x00000000ef580000,0x00000000ef580000)
  from space 6144K, 54% used [0x00000000ef580000,0x00000000ef8c0010,0x00000000efb80000)
  to   space 5632K, 0% used [0x00000000f3900000,0x00000000f3900000,0x00000000f3e80000)
 ParOldGen       total 42496K, used 7342K [0x00000000c2600000, 0x00000000c4f80000, 0x00000000eb780000)
  object space 42496K, 17% used [0x00000000c2600000,0x00000000c2d2bb08,0x00000000c4f80000)
 Metaspace       used 16242K, capacity 16452K, committed 16512K, reserved 1064960K
  class space    used 1580K, capacity 1661K, committed 1664K, reserved 1048576K
Event: 14,000 GC heap after
Heap after GC invocations=8 (full 0):
 PSYoungGen      total 132608K, used 2944K [0x00000000eb780000, 0x00000000f3e80000, 0x0000000100000000)
  eden space 126976K, 0% used [0x00000000eb780000,0x00000000eb780000,0x00000000f3380000)
  from space 5632K, 52% used [0x00000000f3900000,0x00000000f3be0010,0x00000000f3e80000)
  to   space 5632K, 0% used [0x00000000f3380000,0x00000000f3380000,0x00000000f3900000)
 ParOldGen       total 42496K, used 7590K [0x00000000c2600000, 0x00000000c4f80000, 0x00000000eb780000)
  object space 42496K, 17% used [0x00000000c2600000,0x00000000c2d69b08,0x00000000c4f80000)
 Metaspace       used 16242K, capacity 16452K, committed 16512K, reserved 1064960K
  class space    used 1580K, capacity 1661K, committed 1664K, reserved 1048576K
}

